<?xml version="1.0" encoding="UTF-8"?>
<testng-results ignored="0" total="1" passed="1" failed="0" skipped="0">
  <reporter-output>
  </reporter-output>
  <suite started-at="2022-12-16T04:22:20Z" name="Default suite" finished-at="2022-12-16T04:22:27Z" duration-ms="6832">
    <groups>
    </groups>
    <test started-at="2022-12-16T04:22:20Z" name="Default test" finished-at="2022-12-16T04:22:27Z" duration-ms="6832">
      <class name="RestAssuredAPI.EndToEndTest">
        <test-method signature="Test()[pri:0, instance:RestAssuredAPI.EndToEndTest@488d1cd7]" started-at="2022-12-16T04:22:20Z" name="Test" finished-at="2022-12-16T04:22:27Z" duration-ms="6792" status="PASS">
          <reporter-output>
          </reporter-output>
        </test-method> <!-- Test -->
      </class> <!-- RestAssuredAPI.EndToEndTest -->
    </test> <!-- Default test -->
  </suite> <!-- Default suite -->
</testng-results>
